{
  "RSpec": {
    "coverage": {
      "/Users/amay/Documents/library.nyu.edu/spec/convert/google_sheet_spec.rb": [
        1,
        null,
        1,
        2,
        null,
        1,
        1,
        1,
        null,
        null,
        null,
        null,
        1,
        2,
        1,
        2,
        null,
        null,
        null
      ],
      "/Users/amay/Documents/library.nyu.edu/spec/convert/md_fields_spec.rb": [
        1,
        null,
        1,
        13,
        6,
        9,
        null,
        1,
        2,
        1,
        2,
        2,
        null,
        null,
        null,
        1,
        2,
        1,
        2,
        2,
        null,
        null,
        null,
        1,
        3,
        1,
        2,
        2,
        null,
        1,
        2,
        2,
        null,
        null,
        null,
        1,
        4,
        1,
        2,
        2,
        null,
        1,
        2,
        2,
        null,
        1,
        2,
        2,
        null,
        null,
        null,
        1,
        2,
        1,
        2,
        2,
        2,
        null,
        null,
        null,
        1,
        3,
        1,
        2,
        2,
        2,
        null,
        1,
        2,
        2,
        2,
        null,
        null,
        null,
        1,
        3,
        1,
        2,
        2,
        2,
        null,
        1,
        2,
        2,
        2,
        null,
        null,
        null
      ],
      "/Users/amay/Documents/library.nyu.edu/spec/convert/yaml_maker_spec.rb": [
        1,
        null,
        1,
        19,
        12,
        15,
        null,
        1,
        2,
        1,
        2,
        2,
        null,
        null,
        null,
        1,
        1,
        1,
        2,
        1,
        2,
        null,
        null,
        null,
        null,
        1,
        3,
        1,
        2,
        2,
        null,
        1,
        2,
        2,
        null,
        null,
        null,
        1,
        3,
        1,
        2,
        2,
        null,
        1,
        2,
        2,
        null,
        null,
        null,
        1,
        4,
        1,
        2,
        2,
        null,
        1,
        2,
        2,
        2,
        null,
        1,
        2,
        2,
        2,
        null,
        null,
        null,
        1,
        9,
        1,
        2,
        2,
        null,
        1,
        2,
        2,
        2,
        null,
        1,
        2,
        2,
        2,
        null,
        1,
        2,
        2,
        null,
        1,
        2,
        2,
        null,
        1,
        2,
        2,
        null,
        1,
        2,
        2,
        null,
        1,
        2,
        2,
        null,
        null,
        null,
        1,
        2,
        1,
        2,
        2,
        2,
        null,
        null,
        null
      ],
      "/Users/amay/Documents/library.nyu.edu/spec/loaders/base_spec.rb": [
        1,
        null,
        1,
        11,
        null,
        1,
        1,
        1,
        2,
        2,
        1,
        1,
        1,
        null,
        null,
        null,
        null,
        1,
        1,
        1,
        1,
        null,
        null,
        null,
        1,
        1,
        1,
        1,
        null,
        1,
        null,
        null,
        null,
        null,
        1,
        1,
        1,
        1,
        null,
        1,
        null,
        null,
        null,
        null,
        1,
        1,
        1,
        1,
        null,
        null,
        null,
        null,
        null,
        null,
        null,
        1,
        1,
        1,
        1,
        1,
        null,
        null,
        null,
        null,
        1,
        1,
        1,
        1,
        1,
        null,
        null,
        null,
        null,
        1,
        1,
        1,
        1,
        1,
        null,
        null,
        null,
        null,
        1,
        1,
        1,
        1,
        null,
        null,
        null,
        1,
        1,
        1,
        1,
        1,
        null,
        null,
        null,
        null,
        1,
        1,
        1,
        1,
        null,
        1,
        null,
        null,
        null,
        null,
        1,
        1,
        1,
        1,
        null,
        1,
        null,
        null,
        null,
        null,
        null
      ],
      "/Users/amay/Documents/library.nyu.edu/spec/loaders/empty_theme_spec.rb": [
        1,
        null,
        1,
        1,
        null,
        1,
        1,
        1,
        1,
        null,
        null,
        null,
        null,
        null
      ],
      "/Users/amay/Documents/library.nyu.edu/spec/loaders/helpers/department_spec.rb": [
        1,
        null,
        1,
        2,
        3,
        null,
        null,
        null,
        1,
        1,
        1,
        1,
        2,
        null,
        null,
        1,
        2,
        1,
        2,
        null,
        null,
        null,
        null,
        null,
        1,
        1,
        null,
        1,
        1,
        1,
        1,
        null,
        null,
        null,
        null,
        null
      ],
      "/Users/amay/Documents/library.nyu.edu/spec/loaders/utilities/google_sheet_spec.rb": [
        1,
        null,
        1,
        2,
        3,
        null,
        1,
        1,
        1,
        1,
        2,
        null,
        null,
        1,
        2,
        1,
        2,
        null,
        null,
        null,
        null,
        1,
        1,
        1,
        1,
        null,
        null,
        null,
        null,
        null,
        1,
        1,
        1,
        null,
        null,
        null,
        null
      ]
    },
    "timestamp": 1439305476
  }
}
